# JRE version: Java(TM) SE Runtime Environment (8.0_181-b13) (build 1.8.0_181-b13)
# Java VM: Java HotSpot(TM) Client VM (25.181-b13 mixed mode windows-x86 )
Heap:
 def new generation   total 53248K, used 23304K [0x04600000, 0x07fc0000, 0x24600000)
  eden space 47360K,  43% used [0x04600000, 0x05a146f8, 0x07440000)
  from space 5888K,  46% used [0x07a00000, 0x07cadc18, 0x07fc0000)
  to   space 5888K,   0% used [0x07440000, 0x07440000, 0x07a00000)
 tenured generation   total 117876K, used 115806K [0x24600000, 0x2b91d000, 0x64600000)
   the space 117876K,  98% used [0x24600000, 0x2b717bc0, 0x2b717c00, 0x2b91d000)
 Metaspace       used 56048K, capacity 58234K, committed 58240K, reserved 58752K
GC Heap History (10 events):
Event: 1699.721 GC heap before
{Heap before GC invocations=211 (full 10):
 def new generation   total 53248K, used 50165K [0x04600000, 0x07fc0000, 0x24600000)
  eden space 47360K, 100% used [0x04600000, 0x07440000, 0x07440000)
  from space 5888K,  47% used [0x07440000, 0x076fd6c0, 0x07a00000)
  to   space 5888K,   0% used [0x07a00000, 0x07a00000, 0x07fc0000)
 tenured generation   total 117876K, used 95126K [0x24600000, 0x2b91d000, 0x64600000)
   the space 117876K,  80% used [0x24600000, 0x2a2e58f0, 0x2a2e5a00, 0x2b91d000)
 Metaspace       used 55872K, capacity 57970K, committed 58112K, reserved 58752K
Event: 1699.754 GC heap after
Heap after GC invocations=212 (full 10):
 def new generation   total 53248K, used 5888K [0x04600000, 0x07fc0000, 0x24600000)
  eden space 47360K,   0% used [0x04600000, 0x04600000, 0x07440000)
  from space 5888K, 100% used [0x07a00000, 0x07fc0000, 0x07fc0000)
  to   space 5888K,   0% used [0x07440000, 0x07440000, 0x07a00000)
 tenured generation   total 117876K, used 103986K [0x24600000, 0x2b91d000, 0x64600000)
   the space 117876K,  88% used [0x24600000, 0x2ab8ca38, 0x2ab8cc00, 0x2b91d000)
 Metaspace       used 55872K, capacity 57970K, committed 58112K, reserved 58752K
}
Event: 1702.787 GC heap before
{Heap before GC invocations=212 (full 10):
 def new generation   total 53248K, used 53096K [0x04600000, 0x07fc0000, 0x24600000)
  eden space 47360K,  99% used [0x04600000, 0x0741a048, 0x07440000)
  from space 5888K, 100% used [0x07a00000, 0x07fc0000, 0x07fc0000)
  to   space 5888K,   0% used [0x07440000, 0x07440000, 0x07a00000)
 tenured generation   total 117876K, used 103986K [0x24600000, 0x2b91d000, 0x64600000)
   the space 117876K,  88% used [0x24600000, 0x2ab8ca38, 0x2ab8cc00, 0x2b91d000)
 Metaspace       used 55876K, capacity 57978K, committed 58112K, reserved 58752K
Event: 1702.817 GC heap after
Heap after GC invocations=213 (full 10):
 def new generation   total 53248K, used 4956K [0x04600000, 0x07fc0000, 0x24600000)
  eden space 47360K,   0% used [0x04600000, 0x04600000, 0x07440000)
  from space 5888K,  84% used [0x07440000, 0x07917198, 0x07a00000)
  to   space 5888K,   0% used [0x07a00000, 0x07a00000, 0x07fc0000)
 tenured generation   total 117876K, used 109405K [0x24600000, 0x2b91d000, 0x64600000)
   the space 117876K,  92% used [0x24600000, 0x2b0d75e8, 0x2b0d7600, 0x2b91d000)
 Metaspace       used 55876K, capacity 57978K, committed 58112K, reserved 58752K
}
Event: 1703.328 GC heap before
{Heap before GC invocations=213 (full 10):
 def new generation   total 53248K, used 52290K [0x04600000, 0x07fc0000, 0x24600000)
  eden space 47360K,  99% used [0x04600000, 0x074396b0, 0x07440000)
  from space 5888K,  84% used [0x07440000, 0x07917198, 0x07a00000)
  to   space 5888K,   0% used [0x07a00000, 0x07a00000, 0x07fc0000)
 tenured generation   total 117876K, used 109405K [0x24600000, 0x2b91d000, 0x64600000)
   the space 117876K,  92% used [0x24600000, 0x2b0d75e8, 0x2b0d7600, 0x2b91d000)
 Metaspace       used 55895K, capacity 57998K, committed 58112K, reserved 58752K
Event: 1703.353 GC heap after
Heap after GC invocations=214 (full 10):
 def new generation   total 53248K, used 3754K [0x04600000, 0x07fc0000, 0x24600000)
  eden space 47360K,   0% used [0x04600000, 0x04600000, 0x07440000)
  from space 5888K,  63% used [0x07a00000, 0x07daabf8, 0x07fc0000)
  to   space 5888K,   0% used [0x07440000, 0x07440000, 0x07a00000)
 tenured generation   total 117876K, used 114113K [0x24600000, 0x2b91d000, 0x64600000)
   the space 117876K,  96% used [0x24600000, 0x2b5704f8, 0x2b570600, 0x2b91d000)
 Metaspace       used 55895K, capacity 57998K, committed 58112K, reserved 58752K
}
Event: 1715.167 GC heap before
{Heap before GC invocations=214 (full 10):
 def new generation   total 53248K, used 51114K [0x04600000, 0x07fc0000, 0x24600000)
  eden space 47360K, 100% used [0x04600000, 0x07440000, 0x07440000)
  from space 5888K,  63% used [0x07a00000, 0x07daabf8, 0x07fc0000)
  to   space 5888K,   0% used [0x07440000, 0x07440000, 0x07a00000)
 tenured generation   total 117876K, used 114113K [0x24600000, 0x2b91d000, 0x64600000)
   the space 117876K,  96% used [0x24600000, 0x2b5704f8, 0x2b570600, 0x2b91d000)
 Metaspace       used 55903K, capacity 58015K, committed 58112K, reserved 58752K
Event: 1715.185 GC heap after
Heap after GC invocations=215 (full 10):
 def new generation   total 53248K, used 5543K [0x04600000, 0x07fc0000, 0x24600000)
  eden space 47360K,   0% used [0x04600000, 0x04600000, 0x07440000)
  from space 5888K,  94% used [0x07440000, 0x079a9e48, 0x07a00000)
  to   space 5888K,   0% used [0x07a00000, 0x07a00000, 0x07fc0000)
 tenured generation   total 117876K, used 115400K [0x24600000, 0x2b91d000, 0x64600000)
   the space 117876K,  97% used [0x24600000, 0x2b6b2140, 0x2b6b2200, 0x2b91d000)
 Metaspace       used 55903K, capacity 58015K, committed 58112K, reserved 58752K
}
Event: 1779.584 GC heap before
{Heap before GC invocations=215 (full 10):
 def new generation   total 53248K, used 52903K [0x04600000, 0x07fc0000, 0x24600000)
  eden space 47360K, 100% used [0x04600000, 0x07440000, 0x07440000)
  from space 5888K,  94% used [0x07440000, 0x079a9e48, 0x07a00000)
  to   space 5888K,   0% used [0x07a00000, 0x07a00000, 0x07fc0000)
 tenured generation   total 117876K, used 115400K [0x24600000, 0x2b91d000, 0x64600000)
   the space 117876K,  97% used [0x24600000, 0x2b6b2140, 0x2b6b2200, 0x2b91d000)
 Metaspace       used 56048K, capacity 58234K, committed 58240K, reserved 58752K
Event: 1779.597 GC heap after
Heap after GC invocations=216 (full 10):
 def new generation   total 53248K, used 2743K [0x04600000, 0x07fc0000, 0x24600000)
  eden space 47360K,   0% used [0x04600000, 0x04600000, 0x07440000)
  from space 5888K,  46% used [0x07a00000, 0x07cadc18, 0x07fc0000)
  to   space 5888K,   0% used [0x07440000, 0x07440000, 0x07a00000)
 tenured generation   total 117876K, used 115806K [0x24600000, 0x2b91d000, 0x64600000)
   the space 117876K,  98% used [0x24600000, 0x2b717bc0, 0x2b717c00, 0x2b91d000)
 Metaspace       used 56048K, capacity 58234K, committed 58240K, reserved 58752K
}

